Build started 12/5/2014 12:19:51 PM.
     1>Project "C:\Users\Anne\Documents\Visual Studio 2013\Projects\MyGame\MyGame\MyGame.vcxproj" on node 2 (Build target(s)).
     1>ClCompile:
         C:\Program Files (x86)\Microsoft Visual Studio 12.0\VC\bin\CL.exe /c /I"C:\Program Files (x86)\SFML-2.1\include" /ZI /nologo /W3 /WX- /sdl /Od /Oy- /D WIN32 /D _DEBUG /D _CONSOLE /D _LIB /D _UNICODE /D UNICODE /Gm /EHsc /RTC1 /MDd /GS /fp:precise /Zc:wchar_t /Zc:forScope /Fo"Debug\\" /Fd"Debug\vc120.pdb" /Gd /TP /analyze- /errorReport:prompt Coin.cpp PlayerCharacter.cpp RigidSurface.cpp RigidSurface_Brick.cpp RigidSurface_Floor.cpp RigidSurface_Mystery.cpp RigidSurface_Pipe.cpp
         RigidSurface_Pipe.cpp
     1>c:\users\anne\documents\visual studio 2013\projects\mygame\mygame\rigidsurface_pipe.cpp(9): error C2248: 'VisibleGameObject::isLoaded' : cannot access private member declared in class 'VisibleGameObject'
                 c:\users\anne\documents\visual studio 2013\projects\mygame\mygame\visiblegameobject.h(30) : see declaration of 'VisibleGameObject::isLoaded'
                 c:\users\anne\documents\visual studio 2013\projects\mygame\mygame\visiblegameobject.h(7) : see declaration of 'VisibleGameObject'
     1>c:\users\anne\documents\visual studio 2013\projects\mygame\mygame\rigidsurface_pipe.cpp(9): error C2064: term does not evaluate to a function taking 0 arguments
         RigidSurface_Mystery.cpp
     1>c:\users\anne\documents\visual studio 2013\projects\mygame\mygame\rigidsurface_mystery.cpp(9): error C2248: 'VisibleGameObject::isLoaded' : cannot access private member declared in class 'VisibleGameObject'
                 c:\users\anne\documents\visual studio 2013\projects\mygame\mygame\visiblegameobject.h(30) : see declaration of 'VisibleGameObject::isLoaded'
                 c:\users\anne\documents\visual studio 2013\projects\mygame\mygame\visiblegameobject.h(7) : see declaration of 'VisibleGameObject'
     1>c:\users\anne\documents\visual studio 2013\projects\mygame\mygame\rigidsurface_mystery.cpp(9): error C2064: term does not evaluate to a function taking 0 arguments
         RigidSurface_Floor.cpp
     1>c:\users\anne\documents\visual studio 2013\projects\mygame\mygame\rigidsurface_floor.cpp(9): error C2248: 'VisibleGameObject::isLoaded' : cannot access private member declared in class 'VisibleGameObject'
                 c:\users\anne\documents\visual studio 2013\projects\mygame\mygame\visiblegameobject.h(30) : see declaration of 'VisibleGameObject::isLoaded'
                 c:\users\anne\documents\visual studio 2013\projects\mygame\mygame\visiblegameobject.h(7) : see declaration of 'VisibleGameObject'
     1>c:\users\anne\documents\visual studio 2013\projects\mygame\mygame\rigidsurface_floor.cpp(9): error C2064: term does not evaluate to a function taking 0 arguments
         RigidSurface_Brick.cpp
     1>c:\users\anne\documents\visual studio 2013\projects\mygame\mygame\rigidsurface_brick.cpp(9): error C2248: 'VisibleGameObject::isLoaded' : cannot access private member declared in class 'VisibleGameObject'
                 c:\users\anne\documents\visual studio 2013\projects\mygame\mygame\visiblegameobject.h(30) : see declaration of 'VisibleGameObject::isLoaded'
                 c:\users\anne\documents\visual studio 2013\projects\mygame\mygame\visiblegameobject.h(7) : see declaration of 'VisibleGameObject'
     1>c:\users\anne\documents\visual studio 2013\projects\mygame\mygame\rigidsurface_brick.cpp(9): error C2064: term does not evaluate to a function taking 0 arguments
         RigidSurface.cpp
     1>c:\users\anne\documents\visual studio 2013\projects\mygame\mygame\rigidsurface.cpp(11): error C2248: 'VisibleGameObject::isLoaded' : cannot access private member declared in class 'VisibleGameObject'
                 c:\users\anne\documents\visual studio 2013\projects\mygame\mygame\visiblegameobject.h(30) : see declaration of 'VisibleGameObject::isLoaded'
                 c:\users\anne\documents\visual studio 2013\projects\mygame\mygame\visiblegameobject.h(7) : see declaration of 'VisibleGameObject'
     1>c:\users\anne\documents\visual studio 2013\projects\mygame\mygame\rigidsurface.cpp(11): error C2064: term does not evaluate to a function taking 0 arguments
         PlayerCharacter.cpp
     1>c:\users\anne\documents\visual studio 2013\projects\mygame\mygame\playercharacter.cpp(30): error C2248: 'VisibleGameObject::isLoaded' : cannot access private member declared in class 'VisibleGameObject'
                 c:\users\anne\documents\visual studio 2013\projects\mygame\mygame\visiblegameobject.h(30) : see declaration of 'VisibleGameObject::isLoaded'
                 c:\users\anne\documents\visual studio 2013\projects\mygame\mygame\visiblegameobject.h(7) : see declaration of 'VisibleGameObject'
     1>c:\users\anne\documents\visual studio 2013\projects\mygame\mygame\playercharacter.cpp(30): error C2064: term does not evaluate to a function taking 0 arguments
     1>c:\users\anne\documents\visual studio 2013\projects\mygame\mygame\playercharacter.cpp(117): warning C4244: '-=' : conversion from 'double' to 'float', possible loss of data
         Coin.cpp
     1>c:\users\anne\documents\visual studio 2013\projects\mygame\mygame\coin.cpp(12): error C2248: 'VisibleGameObject::isLoaded' : cannot access private member declared in class 'VisibleGameObject'
                 c:\users\anne\documents\visual studio 2013\projects\mygame\mygame\visiblegameobject.h(30) : see declaration of 'VisibleGameObject::isLoaded'
                 c:\users\anne\documents\visual studio 2013\projects\mygame\mygame\visiblegameobject.h(7) : see declaration of 'VisibleGameObject'
     1>c:\users\anne\documents\visual studio 2013\projects\mygame\mygame\coin.cpp(12): error C2064: term does not evaluate to a function taking 0 arguments
         Generating Code...
     1>Done Building Project "C:\Users\Anne\Documents\Visual Studio 2013\Projects\MyGame\MyGame\MyGame.vcxproj" (Build target(s)) -- FAILED.

Build FAILED.

Time Elapsed 00:00:06.48
